2025-12-07 20:24:04,414 INFO o.a.j.u.JMeterUtils: Setting Locale to en_EN
2025-12-07 20:24:04,435 INFO o.a.j.JMeter: Loading user properties from: E:\TOOLS\apache-jmeter-5.6.3\bin\user.properties
2025-12-07 20:24:04,436 INFO o.a.j.JMeter: Loading system properties from: E:\TOOLS\apache-jmeter-5.6.3\bin\system.properties
2025-12-07 20:24:04,442 INFO o.a.j.JMeter: Copyright (c) 1998-2024 The Apache Software Foundation
2025-12-07 20:24:04,442 INFO o.a.j.JMeter: Version 5.6.3
2025-12-07 20:24:04,442 INFO o.a.j.JMeter: java.version=20
2025-12-07 20:24:04,442 INFO o.a.j.JMeter: java.vm.name=Java HotSpot(TM) 64-Bit Server VM
2025-12-07 20:24:04,443 INFO o.a.j.JMeter: os.name=Windows 11
2025-12-07 20:24:04,443 INFO o.a.j.JMeter: os.arch=amd64
2025-12-07 20:24:04,443 INFO o.a.j.JMeter: os.version=10.0
2025-12-07 20:24:04,443 INFO o.a.j.JMeter: file.encoding=UTF-8
2025-12-07 20:24:04,443 INFO o.a.j.JMeter: java.awt.headless=null
2025-12-07 20:24:04,443 INFO o.a.j.JMeter: Max memory     =1073741824
2025-12-07 20:24:04,443 INFO o.a.j.JMeter: Available Processors =12
2025-12-07 20:24:04,453 INFO o.a.j.JMeter: Default Locale=English (EN)
2025-12-07 20:24:04,453 INFO o.a.j.JMeter: JMeter  Locale=English (EN)
2025-12-07 20:24:04,453 INFO o.a.j.JMeter: JMeterHome=E:\TOOLS\apache-jmeter-5.6.3
2025-12-07 20:24:04,454 INFO o.a.j.JMeter: user.dir  =E:\WEBSERVER\MultiThreaded
2025-12-07 20:24:04,454 INFO o.a.j.JMeter: PWD       =E:\WEBSERVER\MultiThreaded
2025-12-07 20:24:04,464 INFO o.a.j.JMeter: IP: 10.164.204.91 Name: LAPTOP-HFM68DJK FullName: LAPTOP-HFM68DJK
2025-12-07 20:24:04,477 INFO o.a.j.JMeter: Loaded icon properties from org/apache/jmeter/images/icon.properties
2025-12-07 20:24:04,665 INFO o.a.j.JMeterGuiLauncher: Setting LAF to: com.github.weisj.darklaf.DarkLaf:com.github.weisj.darklaf.theme.DarculaTheme
